2023-05-30 05:05:15,914 INFO Watching for file changes with StatReloader
2023-05-30 05:05:25,594 WARNING Not Found: /
2023-05-30 05:05:25,629 WARNING Not Found: /favicon.ico
2023-05-30 05:05:45,234 WARNING Not Found: /user/static/images/bac.jpg
2023-05-30 05:07:17,339 WARNING Not Found: /user/static/images/bac.jpg
2023-05-30 05:07:22,557 WARNING Not Found: /user/static/images/bac.jpg
2023-05-30 05:07:22,558 WARNING Not Found: /home/simprosys-aman/Aman/Aman/bac.jpg
2023-05-30 05:07:34,141 WARNING Not Found: /user/static/images/bac.jpg
2023-05-30 05:07:34,143 WARNING Not Found: /home/simprosys-aman/Aman/Aman/bac.jpg
2023-05-30 05:08:06,127 WARNING Not Found: /user/static/images/bac.jpg
2023-05-30 05:08:06,131 WARNING Not Found: /home/simprosys-aman/Aman/Aman/bac.jpg
2023-05-30 05:08:18,576 WARNING Not Found: /front/static/images/bac.jpg
2023-05-30 05:32:53,519 INFO Watching for file changes with StatReloader
2023-05-30 05:33:32,236 INFO Watching for file changes with StatReloader
2023-05-30 05:34:00,006 INFO Watching for file changes with StatReloader
2023-05-30 05:34:51,696 INFO Watching for file changes with StatReloader
2023-05-30 05:35:26,218 INFO Watching for file changes with StatReloader
2023-05-30 05:36:01,569 INFO Watching for file changes with StatReloader
2023-05-30 05:36:53,071 INFO Watching for file changes with StatReloader
2023-05-30 05:36:56,928 WARNING Not Found: /
2023-05-30 05:37:01,002 WARNING Not Found: /user/static/images/bac.jpg
2023-05-30 05:37:56,696 INFO Watching for file changes with StatReloader
